Analysis & Synthesis report for LAB6
Thu Nov 07 22:22:35 2024
Quartus II 64-Bit Version 13.1.0 Build 162 10/23/2013 SJ Web Edition


---------------------
; Table of Contents ;
---------------------
  1. Legal Notice
  2. Analysis & Synthesis Summary
  3. Analysis & Synthesis Settings
  4. Parallel Compilation
  5. Analysis & Synthesis Source Files Read
  6. Analysis & Synthesis Resource Usage Summary
  7. Analysis & Synthesis Resource Utilization by Entity
  8. General Register Statistics
  9. Multiplexer Restructuring Statistics (Restructuring Performed)
 10. Port Connectivity Checks: "registrador8bits:registradorgreen"
 11. Port Connectivity Checks: "mux:muxcleargreen"
 12. Port Connectivity Checks: "registrador8bits:registradorred|ffd:clk8"
 13. Port Connectivity Checks: "registrador8bits:registradorred|ffd:clk7"
 14. Port Connectivity Checks: "registrador8bits:registradorred|ffd:clk6"
 15. Port Connectivity Checks: "registrador8bits:registradorred|ffd:clk5"
 16. Port Connectivity Checks: "registrador8bits:registradorred|ffd:clk4"
 17. Port Connectivity Checks: "registrador8bits:registradorred|ffd:clk3"
 18. Port Connectivity Checks: "registrador8bits:registradorred|ffd:clk2"
 19. Port Connectivity Checks: "registrador8bits:registradorred|ffd:clk1"
 20. Port Connectivity Checks: "registrador8bits:registradorred"
 21. Port Connectivity Checks: "mux:muxclearred"
 22. Elapsed Time Per Partition
 23. Analysis & Synthesis Messages



----------------
; Legal Notice ;
----------------
Copyright (C) 1991-2013 Altera Corporation
Your use of Altera Corporation's design tools, logic functions 
and other software and tools, and its AMPP partner logic 
functions, and any output files from any of the foregoing 
(including device programming or simulation files), and any 
associated documentation or information are expressly subject 
to the terms and conditions of the Altera Program License 
Subscription Agreement, Altera MegaCore Function License 
Agreement, or other applicable license agreement, including, 
without limitation, that your use is for the sole purpose of 
programming logic devices manufactured by Altera and sold by 
Altera or its authorized distributors.  Please refer to the 
applicable agreement for further details.



+---------------------------------------------------------------------------------+
; Analysis & Synthesis Summary                                                    ;
+------------------------------------+--------------------------------------------+
; Analysis & Synthesis Status        ; Successful - Thu Nov 07 22:22:35 2024      ;
; Quartus II 64-Bit Version          ; 13.1.0 Build 162 10/23/2013 SJ Web Edition ;
; Revision Name                      ; LAB6                                       ;
; Top-level Entity Name              ; lab6                                       ;
; Family                             ; Cyclone IV GX                              ;
; Total logic elements               ; 57                                         ;
;     Total combinational functions  ; 57                                         ;
;     Dedicated logic registers      ; 41                                         ;
; Total registers                    ; 41                                         ;
; Total pins                         ; 22                                         ;
; Total virtual pins                 ; 0                                          ;
; Total memory bits                  ; 0                                          ;
; Embedded Multiplier 9-bit elements ; 0                                          ;
; Total GXB Receiver Channel PCS     ; 0                                          ;
; Total GXB Receiver Channel PMA     ; 0                                          ;
; Total GXB Transmitter Channel PCS  ; 0                                          ;
; Total GXB Transmitter Channel PMA  ; 0                                          ;
; Total PLLs                         ; 0                                          ;
+------------------------------------+--------------------------------------------+


+----------------------------------------------------------------------------------------------------------------------+
; Analysis & Synthesis Settings                                                                                        ;
+----------------------------------------------------------------------------+--------------------+--------------------+
; Option                                                                     ; Setting            ; Default Value      ;
+----------------------------------------------------------------------------+--------------------+--------------------+
; Top-level entity name                                                      ; LAB6               ; LAB6               ;
; Family name                                                                ; Cyclone IV GX      ; Cyclone IV GX      ;
; Use smart compilation                                                      ; Off                ; Off                ;
; Enable parallel Assembler and TimeQuest Timing Analyzer during compilation ; On                 ; On                 ;
; Enable compact report table                                                ; Off                ; Off                ;
; Restructure Multiplexers                                                   ; Auto               ; Auto               ;
; Create Debugging Nodes for IP Cores                                        ; Off                ; Off                ;
; Preserve fewer node names                                                  ; On                 ; On                 ;
; Disable OpenCore Plus hardware evaluation                                  ; Off                ; Off                ;
; Verilog Version                                                            ; Verilog_2001       ; Verilog_2001       ;
; VHDL Version                                                               ; VHDL_1993          ; VHDL_1993          ;
; State Machine Processing                                                   ; Auto               ; Auto               ;
; Safe State Machine                                                         ; Off                ; Off                ;
; Extract Verilog State Machines                                             ; On                 ; On                 ;
; Extract VHDL State Machines                                                ; On                 ; On                 ;
; Ignore Verilog initial constructs                                          ; Off                ; Off                ;
; Iteration limit for constant Verilog loops                                 ; 5000               ; 5000               ;
; Iteration limit for non-constant Verilog loops                             ; 250                ; 250                ;
; Add Pass-Through Logic to Inferred RAMs                                    ; On                 ; On                 ;
; Infer RAMs from Raw Logic                                                  ; On                 ; On                 ;
; Parallel Synthesis                                                         ; On                 ; On                 ;
; DSP Block Balancing                                                        ; Auto               ; Auto               ;
; NOT Gate Push-Back                                                         ; On                 ; On                 ;
; Power-Up Don't Care                                                        ; On                 ; On                 ;
; Remove Redundant Logic Cells                                               ; Off                ; Off                ;
; Remove Duplicate Registers                                                 ; On                 ; On                 ;
; Ignore CARRY Buffers                                                       ; Off                ; Off                ;
; Ignore CASCADE Buffers                                                     ; Off                ; Off                ;
; Ignore GLOBAL Buffers                                                      ; Off                ; Off                ;
; Ignore ROW GLOBAL Buffers                                                  ; Off                ; Off                ;
; Ignore LCELL Buffers                                                       ; Off                ; Off                ;
; Ignore SOFT Buffers                                                        ; On                 ; On                 ;
; Limit AHDL Integers to 32 Bits                                             ; Off                ; Off                ;
; Optimization Technique                                                     ; Balanced           ; Balanced           ;
; Carry Chain Length                                                         ; 70                 ; 70                 ;
; Auto Carry Chains                                                          ; On                 ; On                 ;
; Auto Open-Drain Pins                                                       ; On                 ; On                 ;
; Perform WYSIWYG Primitive Resynthesis                                      ; Off                ; Off                ;
; Auto ROM Replacement                                                       ; On                 ; On                 ;
; Auto RAM Replacement                                                       ; On                 ; On                 ;
; Auto DSP Block Replacement                                                 ; On                 ; On                 ;
; Auto Shift Register Replacement                                            ; Auto               ; Auto               ;
; Allow Shift Register Merging across Hierarchies                            ; Auto               ; Auto               ;
; Auto Clock Enable Replacement                                              ; On                 ; On                 ;
; Strict RAM Replacement                                                     ; Off                ; Off                ;
; Allow Synchronous Control Signals                                          ; On                 ; On                 ;
; Force Use of Synchronous Clear Signals                                     ; Off                ; Off                ;
; Auto RAM Block Balancing                                                   ; On                 ; On                 ;
; Auto RAM to Logic Cell Conversion                                          ; Off                ; Off                ;
; Auto Resource Sharing                                                      ; Off                ; Off                ;
; Allow Any RAM Size For Recognition                                         ; Off                ; Off                ;
; Allow Any ROM Size For Recognition                                         ; Off                ; Off                ;
; Allow Any Shift Register Size For Recognition                              ; Off                ; Off                ;
; Use LogicLock Constraints during Resource Balancing                        ; On                 ; On                 ;
; Ignore translate_off and synthesis_off directives                          ; Off                ; Off                ;
; Timing-Driven Synthesis                                                    ; On                 ; On                 ;
; Report Parameter Settings                                                  ; On                 ; On                 ;
; Report Source Assignments                                                  ; On                 ; On                 ;
; Report Connectivity Checks                                                 ; On                 ; On                 ;
; Ignore Maximum Fan-Out Assignments                                         ; Off                ; Off                ;
; Synchronization Register Chain Length                                      ; 2                  ; 2                  ;
; PowerPlay Power Optimization                                               ; Normal compilation ; Normal compilation ;
; HDL message level                                                          ; Level2             ; Level2             ;
; Suppress Register Optimization Related Messages                            ; Off                ; Off                ;
; Number of Removed Registers Reported in Synthesis Report                   ; 5000               ; 5000               ;
; Number of Swept Nodes Reported in Synthesis Report                         ; 5000               ; 5000               ;
; Number of Inverted Registers Reported in Synthesis Report                  ; 100                ; 100                ;
; Clock MUX Protection                                                       ; On                 ; On                 ;
; Auto Gated Clock Conversion                                                ; Off                ; Off                ;
; Block Design Naming                                                        ; Auto               ; Auto               ;
; SDC constraint protection                                                  ; Off                ; Off                ;
; Synthesis Effort                                                           ; Auto               ; Auto               ;
; Shift Register Replacement - Allow Asynchronous Clear Signal               ; On                 ; On                 ;
; Pre-Mapping Resynthesis Optimization                                       ; Off                ; Off                ;
; Analysis & Synthesis Message Level                                         ; Medium             ; Medium             ;
; Disable Register Merging Across Hierarchies                                ; Auto               ; Auto               ;
; Resource Aware Inference For Block RAM                                     ; On                 ; On                 ;
; Synthesis Seed                                                             ; 1                  ; 1                  ;
+----------------------------------------------------------------------------+--------------------+--------------------+


+------------------------------------------+
; Parallel Compilation                     ;
+----------------------------+-------------+
; Processors                 ; Number      ;
+----------------------------+-------------+
; Number detected on machine ; 8           ;
; Maximum allowed            ; 4           ;
;                            ;             ;
; Average used               ; 1.00        ;
; Maximum used               ; 1           ;
;                            ;             ;
; Usage by Processor         ; % Time Used ;
;     Processor 1            ; 100.0%      ;
;     Processors 2-8         ;   0.0%      ;
+----------------------------+-------------+


+------------------------------------------------------------------------------------------------------------------------------------------------------------+
; Analysis & Synthesis Source Files Read                                                                                                                     ;
+----------------------------------+-----------------+-----------------+---------------------------------------------------------------------------+---------+
; File Name with User-Entered Path ; Used in Netlist ; File Type       ; File Name with Absolute Path                                              ; Library ;
+----------------------------------+-----------------+-----------------+---------------------------------------------------------------------------+---------+
; ff_d.vhd                         ; yes             ; User VHDL File  ; D:/Engenharia/2024.2/CD/CircuitosDigitais271501/LAB6/ff_d.vhd             ;         ;
; mux.vhd                          ; yes             ; User VHDL File  ; D:/Engenharia/2024.2/CD/CircuitosDigitais271501/LAB6/mux.vhd              ;         ;
; deslocador.vhd                   ; yes             ; User VHDL File  ; D:/Engenharia/2024.2/CD/CircuitosDigitais271501/LAB6/deslocador.vhd       ;         ;
; registrador8bits.vhd             ; yes             ; User VHDL File  ; D:/Engenharia/2024.2/CD/CircuitosDigitais271501/LAB6/registrador8bits.vhd ;         ;
; lab6.vhd                         ; yes             ; User VHDL File  ; D:/Engenharia/2024.2/CD/CircuitosDigitais271501/LAB6/lab6.vhd             ;         ;
; divisorclock.vhd                 ; yes             ; User VHDL File  ; D:/Engenharia/2024.2/CD/CircuitosDigitais271501/LAB6/divisorclock.vhd     ;         ;
+----------------------------------+-----------------+-----------------+---------------------------------------------------------------------------+---------+


+---------------------------------------------+
; Analysis & Synthesis Resource Usage Summary ;
+--------------------------+------------------+
; Resource                 ; Usage            ;
+--------------------------+------------------+
; I/O pins                 ; 22               ;
; DSP block 9-bit elements ; 0                ;
; Maximum fan-out node     ; clockfpga~input  ;
; Maximum fan-out          ; 25               ;
; Total fan-out            ; 312              ;
; Average fan-out          ; 2.20             ;
+--------------------------+------------------+


+----------------------------------------------------------------------------------------------------------------------------------------------------------------------------------------------------------------------------------+
; Analysis & Synthesis Resource Utilization by Entity                                                                                                                                                                              ;
+----------------------------------------+-------------------+--------------+-------------+--------------+---------+-----------+-----------+------+--------------+--------------------------------------------------+--------------+
; Compilation Hierarchy Node             ; LC Combinationals ; LC Registers ; Memory Bits ; DSP Elements ; DSP 9x9 ; DSP 18x18 ; DSP 36x36 ; Pins ; Virtual Pins ; Full Hierarchy Name                              ; Library Name ;
+----------------------------------------+-------------------+--------------+-------------+--------------+---------+-----------+-----------+------+--------------+--------------------------------------------------+--------------+
; |lab6                                  ; 57 (0)            ; 41 (0)       ; 0           ; 0            ; 0       ; 0         ; 0         ; 22   ; 0            ; |lab6                                            ; work         ;
;    |divisorclock:dvc|                  ; 33 (33)           ; 25 (25)      ; 0           ; 0            ; 0       ; 0         ; 0         ; 0    ; 0            ; |lab6|divisorclock:dvc                           ; work         ;
;    |mux:muxdgreen|                     ; 10 (10)           ; 0 (0)        ; 0           ; 0            ; 0       ; 0         ; 0         ; 0    ; 0            ; |lab6|mux:muxdgreen                              ; work         ;
;    |mux:muxdred|                       ; 10 (10)           ; 0 (0)        ; 0           ; 0            ; 0       ; 0         ; 0         ; 0    ; 0            ; |lab6|mux:muxdred                                ; work         ;
;    |registrador8bits:registradorgreen| ; 2 (0)             ; 8 (0)        ; 0           ; 0            ; 0       ; 0         ; 0         ; 0    ; 0            ; |lab6|registrador8bits:registradorgreen          ; work         ;
;       |ffd:clk1|                       ; 2 (2)             ; 1 (1)        ; 0           ; 0            ; 0       ; 0         ; 0         ; 0    ; 0            ; |lab6|registrador8bits:registradorgreen|ffd:clk1 ; work         ;
;       |ffd:clk2|                       ; 0 (0)             ; 1 (1)        ; 0           ; 0            ; 0       ; 0         ; 0         ; 0    ; 0            ; |lab6|registrador8bits:registradorgreen|ffd:clk2 ; work         ;
;       |ffd:clk3|                       ; 0 (0)             ; 1 (1)        ; 0           ; 0            ; 0       ; 0         ; 0         ; 0    ; 0            ; |lab6|registrador8bits:registradorgreen|ffd:clk3 ; work         ;
;       |ffd:clk4|                       ; 0 (0)             ; 1 (1)        ; 0           ; 0            ; 0       ; 0         ; 0         ; 0    ; 0            ; |lab6|registrador8bits:registradorgreen|ffd:clk4 ; work         ;
;       |ffd:clk5|                       ; 0 (0)             ; 1 (1)        ; 0           ; 0            ; 0       ; 0         ; 0         ; 0    ; 0            ; |lab6|registrador8bits:registradorgreen|ffd:clk5 ; work         ;
;       |ffd:clk6|                       ; 0 (0)             ; 1 (1)        ; 0           ; 0            ; 0       ; 0         ; 0         ; 0    ; 0            ; |lab6|registrador8bits:registradorgreen|ffd:clk6 ; work         ;
;       |ffd:clk7|                       ; 0 (0)             ; 1 (1)        ; 0           ; 0            ; 0       ; 0         ; 0         ; 0    ; 0            ; |lab6|registrador8bits:registradorgreen|ffd:clk7 ; work         ;
;       |ffd:clk8|                       ; 0 (0)             ; 1 (1)        ; 0           ; 0            ; 0       ; 0         ; 0         ; 0    ; 0            ; |lab6|registrador8bits:registradorgreen|ffd:clk8 ; work         ;
;    |registrador8bits:registradorred|   ; 2 (0)             ; 8 (0)        ; 0           ; 0            ; 0       ; 0         ; 0         ; 0    ; 0            ; |lab6|registrador8bits:registradorred            ; work         ;
;       |ffd:clk1|                       ; 2 (2)             ; 1 (1)        ; 0           ; 0            ; 0       ; 0         ; 0         ; 0    ; 0            ; |lab6|registrador8bits:registradorred|ffd:clk1   ; work         ;
;       |ffd:clk2|                       ; 0 (0)             ; 1 (1)        ; 0           ; 0            ; 0       ; 0         ; 0         ; 0    ; 0            ; |lab6|registrador8bits:registradorred|ffd:clk2   ; work         ;
;       |ffd:clk3|                       ; 0 (0)             ; 1 (1)        ; 0           ; 0            ; 0       ; 0         ; 0         ; 0    ; 0            ; |lab6|registrador8bits:registradorred|ffd:clk3   ; work         ;
;       |ffd:clk4|                       ; 0 (0)             ; 1 (1)        ; 0           ; 0            ; 0       ; 0         ; 0         ; 0    ; 0            ; |lab6|registrador8bits:registradorred|ffd:clk4   ; work         ;
;       |ffd:clk5|                       ; 0 (0)             ; 1 (1)        ; 0           ; 0            ; 0       ; 0         ; 0         ; 0    ; 0            ; |lab6|registrador8bits:registradorred|ffd:clk5   ; work         ;
;       |ffd:clk6|                       ; 0 (0)             ; 1 (1)        ; 0           ; 0            ; 0       ; 0         ; 0         ; 0    ; 0            ; |lab6|registrador8bits:registradorred|ffd:clk6   ; work         ;
;       |ffd:clk7|                       ; 0 (0)             ; 1 (1)        ; 0           ; 0            ; 0       ; 0         ; 0         ; 0    ; 0            ; |lab6|registrador8bits:registradorred|ffd:clk7   ; work         ;
;       |ffd:clk8|                       ; 0 (0)             ; 1 (1)        ; 0           ; 0            ; 0       ; 0         ; 0         ; 0    ; 0            ; |lab6|registrador8bits:registradorred|ffd:clk8   ; work         ;
+----------------------------------------+-------------------+--------------+-------------+--------------+---------+-----------+-----------+------+--------------+--------------------------------------------------+--------------+
Note: For table entries with two numbers listed, the numbers in parentheses indicate the number of resources of the given type used by the specific entity alone. The numbers listed outside of parentheses indicate the total resources of the given type used by the specific entity and all of its sub-entities in the hierarchy.


+------------------------------------------------------+
; General Register Statistics                          ;
+----------------------------------------------+-------+
; Statistic                                    ; Value ;
+----------------------------------------------+-------+
; Total registers                              ; 41    ;
; Number of registers using Synchronous Clear  ; 10    ;
; Number of registers using Synchronous Load   ; 0     ;
; Number of registers using Asynchronous Clear ; 0     ;
; Number of registers using Asynchronous Load  ; 0     ;
; Number of registers using Clock Enable       ; 10    ;
; Number of registers using Preset             ; 0     ;
+----------------------------------------------+-------+


+-----------------------------------------------------------------------------------------------------------------------------------------------+
; Multiplexer Restructuring Statistics (Restructuring Performed)                                                                                ;
+--------------------+-----------+---------------+----------------------+------------------------+------------+---------------------------------+
; Multiplexer Inputs ; Bus Width ; Baseline Area ; Area if Restructured ; Saving if Restructured ; Registered ; Example Multiplexer Output      ;
+--------------------+-----------+---------------+----------------------+------------------------+------------+---------------------------------+
; 3:1                ; 5 bits    ; 10 LEs        ; 10 LEs               ; 0 LEs                  ; No         ; |lab6|mux:muxdred|saidamux[1]   ;
; 3:1                ; 5 bits    ; 10 LEs        ; 10 LEs               ; 0 LEs                  ; No         ; |lab6|mux:muxdgreen|saidamux[1] ;
+--------------------+-----------+---------------+----------------------+------------------------+------------+---------------------------------+


+---------------------------------------------------------------+
; Port Connectivity Checks: "registrador8bits:registradorgreen" ;
+-------+-------+----------+------------------------------------+
; Port  ; Type  ; Severity ; Details                            ;
+-------+-------+----------+------------------------------------+
; clear ; Input ; Info     ; Stuck at VCC                       ;
+-------+-------+----------+------------------------------------+


+--------------------------------------------------+
; Port Connectivity Checks: "mux:muxcleargreen"    ;
+----------------+-------+----------+--------------+
; Port           ; Type  ; Severity ; Details      ;
+----------------+-------+----------+--------------+
; entrada1[6..0] ; Input ; Info     ; Stuck at GND ;
; entrada1[7]    ; Input ; Info     ; Stuck at VCC ;
+----------------+-------+----------+--------------+


+----------------------------------------------------------------------+
; Port Connectivity Checks: "registrador8bits:registradorred|ffd:clk8" ;
+------+-------+----------+--------------------------------------------+
; Port ; Type  ; Severity ; Details                                    ;
+------+-------+----------+--------------------------------------------+
; set  ; Input ; Info     ; Stuck at VCC                               ;
+------+-------+----------+--------------------------------------------+


+----------------------------------------------------------------------+
; Port Connectivity Checks: "registrador8bits:registradorred|ffd:clk7" ;
+------+-------+----------+--------------------------------------------+
; Port ; Type  ; Severity ; Details                                    ;
+------+-------+----------+--------------------------------------------+
; set  ; Input ; Info     ; Stuck at VCC                               ;
+------+-------+----------+--------------------------------------------+


+----------------------------------------------------------------------+
; Port Connectivity Checks: "registrador8bits:registradorred|ffd:clk6" ;
+------+-------+----------+--------------------------------------------+
; Port ; Type  ; Severity ; Details                                    ;
+------+-------+----------+--------------------------------------------+
; set  ; Input ; Info     ; Stuck at VCC                               ;
+------+-------+----------+--------------------------------------------+


+----------------------------------------------------------------------+
; Port Connectivity Checks: "registrador8bits:registradorred|ffd:clk5" ;
+------+-------+----------+--------------------------------------------+
; Port ; Type  ; Severity ; Details                                    ;
+------+-------+----------+--------------------------------------------+
; set  ; Input ; Info     ; Stuck at VCC                               ;
+------+-------+----------+--------------------------------------------+


+----------------------------------------------------------------------+
; Port Connectivity Checks: "registrador8bits:registradorred|ffd:clk4" ;
+------+-------+----------+--------------------------------------------+
; Port ; Type  ; Severity ; Details                                    ;
+------+-------+----------+--------------------------------------------+
; set  ; Input ; Info     ; Stuck at VCC                               ;
+------+-------+----------+--------------------------------------------+


+----------------------------------------------------------------------+
; Port Connectivity Checks: "registrador8bits:registradorred|ffd:clk3" ;
+------+-------+----------+--------------------------------------------+
; Port ; Type  ; Severity ; Details                                    ;
+------+-------+----------+--------------------------------------------+
; set  ; Input ; Info     ; Stuck at VCC                               ;
+------+-------+----------+--------------------------------------------+


+----------------------------------------------------------------------+
; Port Connectivity Checks: "registrador8bits:registradorred|ffd:clk2" ;
+------+-------+----------+--------------------------------------------+
; Port ; Type  ; Severity ; Details                                    ;
+------+-------+----------+--------------------------------------------+
; set  ; Input ; Info     ; Stuck at VCC                               ;
+------+-------+----------+--------------------------------------------+


+----------------------------------------------------------------------+
; Port Connectivity Checks: "registrador8bits:registradorred|ffd:clk1" ;
+------+-------+----------+--------------------------------------------+
; Port ; Type  ; Severity ; Details                                    ;
+------+-------+----------+--------------------------------------------+
; set  ; Input ; Info     ; Stuck at VCC                               ;
+------+-------+----------+--------------------------------------------+


+-------------------------------------------------------------+
; Port Connectivity Checks: "registrador8bits:registradorred" ;
+-------+-------+----------+----------------------------------+
; Port  ; Type  ; Severity ; Details                          ;
+-------+-------+----------+----------------------------------+
; clear ; Input ; Info     ; Stuck at VCC                     ;
+-------+-------+----------+----------------------------------+


+--------------------------------------------------+
; Port Connectivity Checks: "mux:muxclearred"      ;
+----------------+-------+----------+--------------+
; Port           ; Type  ; Severity ; Details      ;
+----------------+-------+----------+--------------+
; entrada1[6..0] ; Input ; Info     ; Stuck at GND ;
; entrada1[7]    ; Input ; Info     ; Stuck at VCC ;
+----------------+-------+----------+--------------+


+-------------------------------+
; Elapsed Time Per Partition    ;
+----------------+--------------+
; Partition Name ; Elapsed Time ;
+----------------+--------------+
; Top            ; 00:00:01     ;
+----------------+--------------+


+-------------------------------+
; Analysis & Synthesis Messages ;
+-------------------------------+
Info: *******************************************************************
Info: Running Quartus II 64-Bit Analysis & Synthesis
    Info: Version 13.1.0 Build 162 10/23/2013 SJ Web Edition
    Info: Processing started: Thu Nov 07 22:22:29 2024
Info: Command: quartus_map --read_settings_files=on --write_settings_files=off LAB6 -c LAB6
Info (11104): Parallel Compilation has detected 8 hyper-threaded processors. However, the extra hyper-threaded processors will not be used by default. Parallel Compilation will use 4 of the 4 physical processors detected instead.
Info (12021): Found 2 design units, including 1 entities, in source file ff_d.vhd
    Info (12022): Found design unit 1: ffd-logica
    Info (12023): Found entity 1: ffd
Warning (12090): Entity "mux" obtained from "mux.vhd" instead of from Quartus II megafunction library
Info (12021): Found 2 design units, including 1 entities, in source file mux.vhd
    Info (12022): Found design unit 1: mux-josias
    Info (12023): Found entity 1: mux
Info (12021): Found 2 design units, including 1 entities, in source file deslocador.vhd
    Info (12022): Found design unit 1: deslocador-manicomio
    Info (12023): Found entity 1: deslocador
Info (12021): Found 2 design units, including 1 entities, in source file registrador8bits.vhd
    Info (12022): Found design unit 1: registrador8bits-logica
    Info (12023): Found entity 1: registrador8bits
Info (12021): Found 2 design units, including 1 entities, in source file lab6.vhd
    Info (12022): Found design unit 1: lab6-satanismo
    Info (12023): Found entity 1: lab6
Info (12021): Found 2 design units, including 1 entities, in source file divisorclock.vhd
    Info (12022): Found design unit 1: divisorclock-logica
    Info (12023): Found entity 1: divisorclock
Info (12127): Elaborating entity "LAB6" for the top level hierarchy
Info (12128): Elaborating entity "divisorclock" for hierarchy "divisorclock:dvc"
Info (12128): Elaborating entity "mux" for hierarchy "mux:muxclearred"
Info (12128): Elaborating entity "deslocador" for hierarchy "deslocador:deslocadorred"
Info (12128): Elaborating entity "registrador8bits" for hierarchy "registrador8bits:registradorred"
Info (12128): Elaborating entity "ffd" for hierarchy "registrador8bits:registradorred|ffd:clk1"
Info (286030): Timing-Driven Synthesis is running
Info (16010): Generating hard_block partition "hard_block:auto_generated_inst"
    Info (16011): Adding 0 node(s), including 0 DDIO, 0 PLL, 0 transceiver and 0 LCELL
Info (21057): Implemented 79 device resources after synthesis - the final resource count might be different
    Info (21058): Implemented 6 input pins
    Info (21059): Implemented 16 output pins
    Info (21061): Implemented 57 logic cells
Info: Quartus II 64-Bit Analysis & Synthesis was successful. 0 errors, 1 warning
    Info: Peak virtual memory: 4723 megabytes
    Info: Processing ended: Thu Nov 07 22:22:35 2024
    Info: Elapsed time: 00:00:06
    Info: Total CPU time (on all processors): 00:00:01


