Analysis & Synthesis report for lab10
Sun Jan 19 20:08:48 2025
Quartus II 64-Bit Version 13.1.0 Build 162 10/23/2013 SJ Web Edition


---------------------
; Table of Contents ;
---------------------
  1. Legal Notice
  2. Analysis & Synthesis Summary
  3. Analysis & Synthesis Settings
  4. Parallel Compilation
  5. Analysis & Synthesis Source Files Read
  6. Analysis & Synthesis Resource Usage Summary
  7. Analysis & Synthesis Resource Utilization by Entity
  8. Registers Removed During Synthesis
  9. General Register Statistics
 10. Multiplexer Restructuring Statistics (Restructuring Performed)
 11. Port Connectivity Checks: "coracao:cor|cont25:beatAtrio"
 12. Port Connectivity Checks: "coracao:cor|cont5:delayventr"
 13. Port Connectivity Checks: "marcapasso:mp|cont25:beatPulsoAtrio"
 14. Port Connectivity Checks: "marcapasso:mp|cont5:delayPulsoVentr"
 15. Elapsed Time Per Partition
 16. Analysis & Synthesis Messages



----------------
; Legal Notice ;
----------------
Copyright (C) 1991-2013 Altera Corporation
Your use of Altera Corporation's design tools, logic functions 
and other software and tools, and its AMPP partner logic 
functions, and any output files from any of the foregoing 
(including device programming or simulation files), and any 
associated documentation or information are expressly subject 
to the terms and conditions of the Altera Program License 
Subscription Agreement, Altera MegaCore Function License 
Agreement, or other applicable license agreement, including, 
without limitation, that your use is for the sole purpose of 
programming logic devices manufactured by Altera and sold by 
Altera or its authorized distributors.  Please refer to the 
applicable agreement for further details.



+---------------------------------------------------------------------------------+
; Analysis & Synthesis Summary                                                    ;
+------------------------------------+--------------------------------------------+
; Analysis & Synthesis Status        ; Successful - Sun Jan 19 20:08:48 2025      ;
; Quartus II 64-Bit Version          ; 13.1.0 Build 162 10/23/2013 SJ Web Edition ;
; Revision Name                      ; lab10                                      ;
; Top-level Entity Name              ; lab10                                      ;
; Family                             ; Cyclone IV GX                              ;
; Total logic elements               ; 496                                        ;
;     Total combinational functions  ; 496                                        ;
;     Dedicated logic registers      ; 243                                        ;
; Total registers                    ; 243                                        ;
; Total pins                         ; 8                                          ;
; Total virtual pins                 ; 0                                          ;
; Total memory bits                  ; 0                                          ;
; Embedded Multiplier 9-bit elements ; 0                                          ;
; Total GXB Receiver Channel PCS     ; 0                                          ;
; Total GXB Receiver Channel PMA     ; 0                                          ;
; Total GXB Transmitter Channel PCS  ; 0                                          ;
; Total GXB Transmitter Channel PMA  ; 0                                          ;
; Total PLLs                         ; 0                                          ;
+------------------------------------+--------------------------------------------+


+----------------------------------------------------------------------------------------------------------------------+
; Analysis & Synthesis Settings                                                                                        ;
+----------------------------------------------------------------------------+--------------------+--------------------+
; Option                                                                     ; Setting            ; Default Value      ;
+----------------------------------------------------------------------------+--------------------+--------------------+
; Top-level entity name                                                      ; lab10              ; lab10              ;
; Family name                                                                ; Cyclone IV GX      ; Cyclone IV GX      ;
; Use smart compilation                                                      ; Off                ; Off                ;
; Enable parallel Assembler and TimeQuest Timing Analyzer during compilation ; On                 ; On                 ;
; Enable compact report table                                                ; Off                ; Off                ;
; Restructure Multiplexers                                                   ; Auto               ; Auto               ;
; Create Debugging Nodes for IP Cores                                        ; Off                ; Off                ;
; Preserve fewer node names                                                  ; On                 ; On                 ;
; Disable OpenCore Plus hardware evaluation                                  ; Off                ; Off                ;
; Verilog Version                                                            ; Verilog_2001       ; Verilog_2001       ;
; VHDL Version                                                               ; VHDL_1993          ; VHDL_1993          ;
; State Machine Processing                                                   ; Auto               ; Auto               ;
; Safe State Machine                                                         ; Off                ; Off                ;
; Extract Verilog State Machines                                             ; On                 ; On                 ;
; Extract VHDL State Machines                                                ; On                 ; On                 ;
; Ignore Verilog initial constructs                                          ; Off                ; Off                ;
; Iteration limit for constant Verilog loops                                 ; 5000               ; 5000               ;
; Iteration limit for non-constant Verilog loops                             ; 250                ; 250                ;
; Add Pass-Through Logic to Inferred RAMs                                    ; On                 ; On                 ;
; Infer RAMs from Raw Logic                                                  ; On                 ; On                 ;
; Parallel Synthesis                                                         ; On                 ; On                 ;
; DSP Block Balancing                                                        ; Auto               ; Auto               ;
; NOT Gate Push-Back                                                         ; On                 ; On                 ;
; Power-Up Don't Care                                                        ; On                 ; On                 ;
; Remove Redundant Logic Cells                                               ; Off                ; Off                ;
; Remove Duplicate Registers                                                 ; On                 ; On                 ;
; Ignore CARRY Buffers                                                       ; Off                ; Off                ;
; Ignore CASCADE Buffers                                                     ; Off                ; Off                ;
; Ignore GLOBAL Buffers                                                      ; Off                ; Off                ;
; Ignore ROW GLOBAL Buffers                                                  ; Off                ; Off                ;
; Ignore LCELL Buffers                                                       ; Off                ; Off                ;
; Ignore SOFT Buffers                                                        ; On                 ; On                 ;
; Limit AHDL Integers to 32 Bits                                             ; Off                ; Off                ;
; Optimization Technique                                                     ; Balanced           ; Balanced           ;
; Carry Chain Length                                                         ; 70                 ; 70                 ;
; Auto Carry Chains                                                          ; On                 ; On                 ;
; Auto Open-Drain Pins                                                       ; On                 ; On                 ;
; Perform WYSIWYG Primitive Resynthesis                                      ; Off                ; Off                ;
; Auto ROM Replacement                                                       ; On                 ; On                 ;
; Auto RAM Replacement                                                       ; On                 ; On                 ;
; Auto DSP Block Replacement                                                 ; On                 ; On                 ;
; Auto Shift Register Replacement                                            ; Auto               ; Auto               ;
; Allow Shift Register Merging across Hierarchies                            ; Auto               ; Auto               ;
; Auto Clock Enable Replacement                                              ; On                 ; On                 ;
; Strict RAM Replacement                                                     ; Off                ; Off                ;
; Allow Synchronous Control Signals                                          ; On                 ; On                 ;
; Force Use of Synchronous Clear Signals                                     ; Off                ; Off                ;
; Auto RAM Block Balancing                                                   ; On                 ; On                 ;
; Auto RAM to Logic Cell Conversion                                          ; Off                ; Off                ;
; Auto Resource Sharing                                                      ; Off                ; Off                ;
; Allow Any RAM Size For Recognition                                         ; Off                ; Off                ;
; Allow Any ROM Size For Recognition                                         ; Off                ; Off                ;
; Allow Any Shift Register Size For Recognition                              ; Off                ; Off                ;
; Use LogicLock Constraints during Resource Balancing                        ; On                 ; On                 ;
; Ignore translate_off and synthesis_off directives                          ; Off                ; Off                ;
; Timing-Driven Synthesis                                                    ; On                 ; On                 ;
; Report Parameter Settings                                                  ; On                 ; On                 ;
; Report Source Assignments                                                  ; On                 ; On                 ;
; Report Connectivity Checks                                                 ; On                 ; On                 ;
; Ignore Maximum Fan-Out Assignments                                         ; Off                ; Off                ;
; Synchronization Register Chain Length                                      ; 2                  ; 2                  ;
; PowerPlay Power Optimization                                               ; Normal compilation ; Normal compilation ;
; HDL message level                                                          ; Level2             ; Level2             ;
; Suppress Register Optimization Related Messages                            ; Off                ; Off                ;
; Number of Removed Registers Reported in Synthesis Report                   ; 5000               ; 5000               ;
; Number of Swept Nodes Reported in Synthesis Report                         ; 5000               ; 5000               ;
; Number of Inverted Registers Reported in Synthesis Report                  ; 100                ; 100                ;
; Clock MUX Protection                                                       ; On                 ; On                 ;
; Auto Gated Clock Conversion                                                ; Off                ; Off                ;
; Block Design Naming                                                        ; Auto               ; Auto               ;
; SDC constraint protection                                                  ; Off                ; Off                ;
; Synthesis Effort                                                           ; Auto               ; Auto               ;
; Shift Register Replacement - Allow Asynchronous Clear Signal               ; On                 ; On                 ;
; Pre-Mapping Resynthesis Optimization                                       ; Off                ; Off                ;
; Analysis & Synthesis Message Level                                         ; Medium             ; Medium             ;
; Disable Register Merging Across Hierarchies                                ; Auto               ; Auto               ;
; Resource Aware Inference For Block RAM                                     ; On                 ; On                 ;
; Synthesis Seed                                                             ; 1                  ; 1                  ;
+----------------------------------------------------------------------------+--------------------+--------------------+


+------------------------------------------+
; Parallel Compilation                     ;
+----------------------------+-------------+
; Processors                 ; Number      ;
+----------------------------+-------------+
; Number detected on machine ; 8           ;
; Maximum allowed            ; 4           ;
;                            ;             ;
; Average used               ; 1.00        ;
; Maximum used               ; 1           ;
;                            ;             ;
; Usage by Processor         ; % Time Used ;
;     Processor 1            ; 100.0%      ;
;     Processors 2-8         ;   0.0%      ;
+----------------------------+-------------+


+-----------------------------------------------------------------------------------------------------------------------------------------------------------+
; Analysis & Synthesis Source Files Read                                                                                                                    ;
+----------------------------------+-----------------+-----------------+--------------------------------------------------------------------------+---------+
; File Name with User-Entered Path ; Used in Netlist ; File Type       ; File Name with Absolute Path                                             ; Library ;
+----------------------------------+-----------------+-----------------+--------------------------------------------------------------------------+---------+
; divclock.vhd                     ; yes             ; User VHDL File  ; D:/Engenharia/2024.2/CD/CircuitosDigitais271501/LAB10/divclock.vhd       ;         ;
; marcapasso.vhd                   ; yes             ; User VHDL File  ; D:/Engenharia/2024.2/CD/CircuitosDigitais271501/LAB10/marcapasso.vhd     ;         ;
; cont25.vhd                       ; yes             ; User VHDL File  ; D:/Engenharia/2024.2/CD/CircuitosDigitais271501/LAB10/cont25.vhd         ;         ;
; coracao.vhd                      ; yes             ; User VHDL File  ; D:/Engenharia/2024.2/CD/CircuitosDigitais271501/LAB10/coracao.vhd        ;         ;
; divclockmillis.vhd               ; yes             ; User VHDL File  ; D:/Engenharia/2024.2/CD/CircuitosDigitais271501/LAB10/divclockmillis.vhd ;         ;
; lab10.vhd                        ; yes             ; User VHDL File  ; D:/Engenharia/2024.2/CD/CircuitosDigitais271501/LAB10/lab10.vhd          ;         ;
; cont5.vhd                        ; yes             ; User VHDL File  ; D:/Engenharia/2024.2/CD/CircuitosDigitais271501/LAB10/cont5.vhd          ;         ;
+----------------------------------+-----------------+-----------------+--------------------------------------------------------------------------+---------+


+---------------------------------------------+
; Analysis & Synthesis Resource Usage Summary ;
+--------------------------+------------------+
; Resource                 ; Usage            ;
+--------------------------+------------------+
; I/O pins                 ; 8                ;
; DSP block 9-bit elements ; 0                ;
; Maximum fan-out node     ; clear~input      ;
; Maximum fan-out          ; 192              ;
; Total fan-out            ; 2192             ;
; Average fan-out          ; 2.90             ;
+--------------------------+------------------+


+---------------------------------------------------------------------------------------------------------------------------------------------------------------------------------------------------------------------------------+
; Analysis & Synthesis Resource Utilization by Entity                                                                                                                                                                             ;
+--------------------------------------+-------------------+--------------+-------------+--------------+---------+-----------+-----------+------+--------------+---------------------------------------------------+--------------+
; Compilation Hierarchy Node           ; LC Combinationals ; LC Registers ; Memory Bits ; DSP Elements ; DSP 9x9 ; DSP 18x18 ; DSP 36x36 ; Pins ; Virtual Pins ; Full Hierarchy Name                               ; Library Name ;
+--------------------------------------+-------------------+--------------+-------------+--------------+---------+-----------+-----------+------+--------------+---------------------------------------------------+--------------+
; |lab10                               ; 496 (0)           ; 243 (0)      ; 0           ; 0            ; 0       ; 0         ; 0         ; 8    ; 0            ; |lab10                                            ; work         ;
;    |ck_div:divclockbasico|           ; 35 (35)           ; 20 (20)      ; 0           ; 0            ; 0       ; 0         ; 0         ; 0    ; 0            ; |lab10|ck_div:divclockbasico                      ; work         ;
;    |coracao:cor|                     ; 257 (2)           ; 126 (0)      ; 0           ; 0            ; 0       ; 0         ; 0         ; 0    ; 0            ; |lab10|coracao:cor                                ; work         ;
;       |cont25:beatAtrio|             ; 78 (78)           ; 32 (32)      ; 0           ; 0            ; 0       ; 0         ; 0         ; 0    ; 0            ; |lab10|coracao:cor|cont25:beatAtrio               ; work         ;
;       |cont25:beatVentr|             ; 78 (78)           ; 32 (32)      ; 0           ; 0            ; 0       ; 0         ; 0         ; 0    ; 0            ; |lab10|coracao:cor|cont25:beatVentr               ; work         ;
;       |cont5:delayventr|             ; 45 (45)           ; 32 (32)      ; 0           ; 0            ; 0       ; 0         ; 0         ; 0    ; 0            ; |lab10|coracao:cor|cont5:delayventr               ; work         ;
;       |divclockmillis:millisegundos| ; 54 (54)           ; 30 (30)      ; 0           ; 0            ; 0       ; 0         ; 0         ; 0    ; 0            ; |lab10|coracao:cor|divclockmillis:millisegundos   ; work         ;
;    |marcapasso:mp|                   ; 204 (2)           ; 97 (0)       ; 0           ; 0            ; 0       ; 0         ; 0         ; 0    ; 0            ; |lab10|marcapasso:mp                              ; work         ;
;       |cont25:beatPulsoAtrio|        ; 78 (78)           ; 32 (32)      ; 0           ; 0            ; 0       ; 0         ; 0         ; 0    ; 0            ; |lab10|marcapasso:mp|cont25:beatPulsoAtrio        ; work         ;
;       |cont25:beatPulsoVentr|        ; 78 (78)           ; 32 (32)      ; 0           ; 0            ; 0       ; 0         ; 0         ; 0    ; 0            ; |lab10|marcapasso:mp|cont25:beatPulsoVentr        ; work         ;
;       |cont5:delayPulsoVentr|        ; 45 (45)           ; 32 (32)      ; 0           ; 0            ; 0       ; 0         ; 0         ; 0    ; 0            ; |lab10|marcapasso:mp|cont5:delayPulsoVentr        ; work         ;
;       |divclockmillis:millisegundos| ; 1 (1)             ; 1 (1)        ; 0           ; 0            ; 0       ; 0         ; 0         ; 0    ; 0            ; |lab10|marcapasso:mp|divclockmillis:millisegundos ; work         ;
+--------------------------------------+-------------------+--------------+-------------+--------------+---------+-----------+-----------+------+--------------+---------------------------------------------------+--------------+
Note: For table entries with two numbers listed, the numbers in parentheses indicate the number of resources of the given type used by the specific entity alone. The numbers listed outside of parentheses indicate the total resources of the given type used by the specific entity and all of its sub-entities in the hierarchy.


+-------------------------------------------------------------------------------------------------------------------+
; Registers Removed During Synthesis                                                                                ;
+----------------------------------------------------+--------------------------------------------------------------+
; Register name                                      ; Reason for Removal                                           ;
+----------------------------------------------------+--------------------------------------------------------------+
; marcapasso:mp|divclockmillis:millisegundos|cnt[27] ; Merged with coracao:cor|divclockmillis:millisegundos|cnt[27] ;
; marcapasso:mp|divclockmillis:millisegundos|cnt[26] ; Merged with coracao:cor|divclockmillis:millisegundos|cnt[26] ;
; marcapasso:mp|divclockmillis:millisegundos|cnt[25] ; Merged with coracao:cor|divclockmillis:millisegundos|cnt[25] ;
; marcapasso:mp|divclockmillis:millisegundos|cnt[24] ; Merged with coracao:cor|divclockmillis:millisegundos|cnt[24] ;
; marcapasso:mp|divclockmillis:millisegundos|cnt[23] ; Merged with coracao:cor|divclockmillis:millisegundos|cnt[23] ;
; marcapasso:mp|divclockmillis:millisegundos|cnt[22] ; Merged with coracao:cor|divclockmillis:millisegundos|cnt[22] ;
; marcapasso:mp|divclockmillis:millisegundos|cnt[21] ; Merged with coracao:cor|divclockmillis:millisegundos|cnt[21] ;
; marcapasso:mp|divclockmillis:millisegundos|cnt[19] ; Merged with coracao:cor|divclockmillis:millisegundos|cnt[19] ;
; marcapasso:mp|divclockmillis:millisegundos|cnt[13] ; Merged with coracao:cor|divclockmillis:millisegundos|cnt[13] ;
; marcapasso:mp|divclockmillis:millisegundos|cnt[6]  ; Merged with coracao:cor|divclockmillis:millisegundos|cnt[6]  ;
; marcapasso:mp|divclockmillis:millisegundos|cnt[5]  ; Merged with coracao:cor|divclockmillis:millisegundos|cnt[5]  ;
; marcapasso:mp|divclockmillis:millisegundos|cnt[4]  ; Merged with coracao:cor|divclockmillis:millisegundos|cnt[4]  ;
; marcapasso:mp|divclockmillis:millisegundos|cnt[3]  ; Merged with coracao:cor|divclockmillis:millisegundos|cnt[3]  ;
; marcapasso:mp|divclockmillis:millisegundos|cnt[2]  ; Merged with coracao:cor|divclockmillis:millisegundos|cnt[2]  ;
; marcapasso:mp|divclockmillis:millisegundos|cnt[1]  ; Merged with coracao:cor|divclockmillis:millisegundos|cnt[1]  ;
; marcapasso:mp|divclockmillis:millisegundos|cnt[0]  ; Merged with coracao:cor|divclockmillis:millisegundos|cnt[0]  ;
; marcapasso:mp|divclockmillis:millisegundos|cnt[28] ; Merged with coracao:cor|divclockmillis:millisegundos|cnt[28] ;
; marcapasso:mp|divclockmillis:millisegundos|cnt[20] ; Merged with coracao:cor|divclockmillis:millisegundos|cnt[20] ;
; marcapasso:mp|divclockmillis:millisegundos|cnt[18] ; Merged with coracao:cor|divclockmillis:millisegundos|cnt[18] ;
; marcapasso:mp|divclockmillis:millisegundos|cnt[17] ; Merged with coracao:cor|divclockmillis:millisegundos|cnt[17] ;
; marcapasso:mp|divclockmillis:millisegundos|cnt[16] ; Merged with coracao:cor|divclockmillis:millisegundos|cnt[16] ;
; marcapasso:mp|divclockmillis:millisegundos|cnt[15] ; Merged with coracao:cor|divclockmillis:millisegundos|cnt[15] ;
; marcapasso:mp|divclockmillis:millisegundos|cnt[14] ; Merged with coracao:cor|divclockmillis:millisegundos|cnt[14] ;
; marcapasso:mp|divclockmillis:millisegundos|cnt[12] ; Merged with coracao:cor|divclockmillis:millisegundos|cnt[12] ;
; marcapasso:mp|divclockmillis:millisegundos|cnt[11] ; Merged with coracao:cor|divclockmillis:millisegundos|cnt[11] ;
; marcapasso:mp|divclockmillis:millisegundos|cnt[10] ; Merged with coracao:cor|divclockmillis:millisegundos|cnt[10] ;
; marcapasso:mp|divclockmillis:millisegundos|cnt[9]  ; Merged with coracao:cor|divclockmillis:millisegundos|cnt[9]  ;
; marcapasso:mp|divclockmillis:millisegundos|cnt[8]  ; Merged with coracao:cor|divclockmillis:millisegundos|cnt[8]  ;
; marcapasso:mp|divclockmillis:millisegundos|cnt[7]  ; Merged with coracao:cor|divclockmillis:millisegundos|cnt[7]  ;
; Total Number of Removed Registers = 29             ;                                                              ;
+----------------------------------------------------+--------------------------------------------------------------+


+------------------------------------------------------+
; General Register Statistics                          ;
+----------------------------------------------+-------+
; Statistic                                    ; Value ;
+----------------------------------------------+-------+
; Total registers                              ; 243   ;
; Number of registers using Synchronous Clear  ; 0     ;
; Number of registers using Synchronous Load   ; 0     ;
; Number of registers using Asynchronous Clear ; 192   ;
; Number of registers using Asynchronous Load  ; 0     ;
; Number of registers using Clock Enable       ; 82    ;
; Number of registers using Preset             ; 0     ;
+----------------------------------------------+-------+


+---------------------------------------------------------------------------------------------------------------------------------------------------------------------+
; Multiplexer Restructuring Statistics (Restructuring Performed)                                                                                                      ;
+--------------------+-----------+---------------+----------------------+------------------------+------------+-------------------------------------------------------+
; Multiplexer Inputs ; Bus Width ; Baseline Area ; Area if Restructured ; Saving if Restructured ; Registered ; Example Multiplexer Output                            ;
+--------------------+-----------+---------------+----------------------+------------------------+------------+-------------------------------------------------------+
; 3:1                ; 32 bits   ; 64 LEs        ; 32 LEs               ; 32 LEs                 ; Yes        ; |lab10|coracao:cor|cont25:beatAtrio|intcont[0]        ;
; 3:1                ; 32 bits   ; 64 LEs        ; 32 LEs               ; 32 LEs                 ; Yes        ; |lab10|marcapasso:mp|cont25:beatPulsoAtrio|intcont[4] ;
; 3:1                ; 32 bits   ; 64 LEs        ; 32 LEs               ; 32 LEs                 ; Yes        ; |lab10|coracao:cor|cont25:beatVentr|intcont[31]       ;
; 3:1                ; 32 bits   ; 64 LEs        ; 32 LEs               ; 32 LEs                 ; Yes        ; |lab10|marcapasso:mp|cont25:beatPulsoVentr|intcont[0] ;
+--------------------+-----------+---------------+----------------------+------------------------+------------+-------------------------------------------------------+


+----------------------------------------------------------+
; Port Connectivity Checks: "coracao:cor|cont25:beatAtrio" ;
+--------------+-------+----------+------------------------+
; Port         ; Type  ; Severity ; Details                ;
+--------------+-------+----------+------------------------+
; enablecont25 ; Input ; Info     ; Stuck at VCC           ;
+--------------+-------+----------+------------------------+


+----------------------------------------------------------+
; Port Connectivity Checks: "coracao:cor|cont5:delayventr" ;
+-------------+-------+----------+-------------------------+
; Port        ; Type  ; Severity ; Details                 ;
+-------------+-------+----------+-------------------------+
; enablecont5 ; Input ; Info     ; Stuck at VCC            ;
+-------------+-------+----------+-------------------------+


+-----------------------------------------------------------------+
; Port Connectivity Checks: "marcapasso:mp|cont25:beatPulsoAtrio" ;
+--------------+-------+----------+-------------------------------+
; Port         ; Type  ; Severity ; Details                       ;
+--------------+-------+----------+-------------------------------+
; enablecont25 ; Input ; Info     ; Stuck at VCC                  ;
+--------------+-------+----------+-------------------------------+


+-----------------------------------------------------------------+
; Port Connectivity Checks: "marcapasso:mp|cont5:delayPulsoVentr" ;
+-------------+-------+----------+--------------------------------+
; Port        ; Type  ; Severity ; Details                        ;
+-------------+-------+----------+--------------------------------+
; enablecont5 ; Input ; Info     ; Stuck at VCC                   ;
+-------------+-------+----------+--------------------------------+


+-------------------------------+
; Elapsed Time Per Partition    ;
+----------------+--------------+
; Partition Name ; Elapsed Time ;
+----------------+--------------+
; Top            ; 00:00:00     ;
+----------------+--------------+


+-------------------------------+
; Analysis & Synthesis Messages ;
+-------------------------------+
Info: *******************************************************************
Info: Running Quartus II 64-Bit Analysis & Synthesis
    Info: Version 13.1.0 Build 162 10/23/2013 SJ Web Edition
    Info: Processing started: Sun Jan 19 20:08:46 2025
Info: Command: quartus_map --read_settings_files=on --write_settings_files=off lab10 -c lab10
Info (11104): Parallel Compilation has detected 8 hyper-threaded processors. However, the extra hyper-threaded processors will not be used by default. Parallel Compilation will use 4 of the 4 physical processors detected instead.
Info (12021): Found 2 design units, including 1 entities, in source file divclock.vhd
    Info (12022): Found design unit 1: ck_div-logica
    Info (12023): Found entity 1: ck_div
Info (12021): Found 2 design units, including 1 entities, in source file marcapasso.vhd
    Info (12022): Found design unit 1: marcapasso-infarto
    Info (12023): Found entity 1: marcapasso
Info (12021): Found 2 design units, including 1 entities, in source file cont25.vhd
    Info (12022): Found design unit 1: cont25-violencia
    Info (12023): Found entity 1: cont25
Info (12021): Found 2 design units, including 1 entities, in source file coracao.vhd
    Info (12022): Found design unit 1: coracao-estresse
    Info (12023): Found entity 1: coracao
Info (12021): Found 2 design units, including 1 entities, in source file divclockmillis.vhd
    Info (12022): Found design unit 1: divclockmillis-taquicardia
    Info (12023): Found entity 1: divclockmillis
Info (12021): Found 2 design units, including 1 entities, in source file lab10.vhd
    Info (12022): Found design unit 1: lab10-liberdadefinalmente
    Info (12023): Found entity 1: lab10
Info (12021): Found 2 design units, including 1 entities, in source file cont5.vhd
    Info (12022): Found design unit 1: cont5-lagrimas
    Info (12023): Found entity 1: cont5
Info (12127): Elaborating entity "lab10" for the top level hierarchy
Info (12128): Elaborating entity "ck_div" for hierarchy "ck_div:divclockbasico"
Info (12128): Elaborating entity "marcapasso" for hierarchy "marcapasso:mp"
Info (12128): Elaborating entity "divclockmillis" for hierarchy "marcapasso:mp|divclockmillis:millisegundos"
Info (12128): Elaborating entity "cont5" for hierarchy "marcapasso:mp|cont5:delayPulsoVentr"
Info (12128): Elaborating entity "cont25" for hierarchy "marcapasso:mp|cont25:beatPulsoAtrio"
Info (12128): Elaborating entity "coracao" for hierarchy "coracao:cor"
Info (286030): Timing-Driven Synthesis is running
Info (16010): Generating hard_block partition "hard_block:auto_generated_inst"
    Info (16011): Adding 0 node(s), including 0 DDIO, 0 PLL, 0 transceiver and 0 LCELL
Info (21057): Implemented 504 device resources after synthesis - the final resource count might be different
    Info (21058): Implemented 4 input pins
    Info (21059): Implemented 4 output pins
    Info (21061): Implemented 496 logic cells
Info: Quartus II 64-Bit Analysis & Synthesis was successful. 0 errors, 0 warnings
    Info: Peak virtual memory: 4747 megabytes
    Info: Processing ended: Sun Jan 19 20:08:48 2025
    Info: Elapsed time: 00:00:02
    Info: Total CPU time (on all processors): 00:00:02


