Analysis & Elaboration report for lab8
Fri Nov 29 00:16:34 2024
Quartus II 64-Bit Version 13.1.0 Build 162 10/23/2013 SJ Web Edition


---------------------
; Table of Contents ;
---------------------
  1. Legal Notice
  2. Analysis & Elaboration Summary
  3. Parallel Compilation
  4. Analysis & Elaboration Settings
  5. Port Connectivity Checks: "segm:hc0"
  6. Port Connectivity Checks: "BINBCD_10bits:binbcdc|conversorModulo:conversor14"
  7. Port Connectivity Checks: "BINBCD_10bits:binbcdc|conversorModulo:conversor4"
  8. Port Connectivity Checks: "BINBCD_10bits:binbcdc|conversorModulo:conversor1"
  9. Port Connectivity Checks: "reg10bom:regsaida|registrador10bits:reg10maligno|ffd:clk10"
 10. Port Connectivity Checks: "reg10bom:regsaida|registrador10bits:reg10maligno|ffd:clk9"
 11. Port Connectivity Checks: "reg10bom:regsaida|registrador10bits:reg10maligno|ffd:clk8"
 12. Port Connectivity Checks: "reg10bom:regsaida|registrador10bits:reg10maligno|ffd:clk7"
 13. Port Connectivity Checks: "reg10bom:regsaida|registrador10bits:reg10maligno|ffd:clk6"
 14. Port Connectivity Checks: "reg10bom:regsaida|registrador10bits:reg10maligno|ffd:clk5"
 15. Port Connectivity Checks: "reg10bom:regsaida|registrador10bits:reg10maligno|ffd:clk4"
 16. Port Connectivity Checks: "reg10bom:regsaida|registrador10bits:reg10maligno|ffd:clk3"
 17. Port Connectivity Checks: "reg10bom:regsaida|registrador10bits:reg10maligno|ffd:clk2"
 18. Port Connectivity Checks: "reg10bom:regsaida|registrador10bits:reg10maligno|ffd:clk1"
 19. Port Connectivity Checks: "reg10bom:regsaida"
 20. Port Connectivity Checks: "somador:somad2"
 21. Port Connectivity Checks: "somador:somad1"
 22. Port Connectivity Checks: "regRC:registrador3"
 23. Port Connectivity Checks: "regRC:registrador1|multiplicador:mult|somador:soma3"
 24. Port Connectivity Checks: "regRC:registrador1|multiplicador:mult|somador:soma2"
 25. Port Connectivity Checks: "regRC:registrador1|multiplicador:mult|somador:soma1"
 26. Port Connectivity Checks: "regRC:registrador1|multiplicador:mult"
 27. Port Connectivity Checks: "regRC:registrador1|regbasico:regC"
 28. Port Connectivity Checks: "regRC:registrador1|regbasico:regY|ffd:cclk4"
 29. Port Connectivity Checks: "regRC:registrador1|regbasico:regY|ffd:cclk3"
 30. Port Connectivity Checks: "regRC:registrador1|regbasico:regY|ffd:cclk2"
 31. Port Connectivity Checks: "regRC:registrador1|regbasico:regY|ffd:cclk1"
 32. Analysis & Elaboration Messages



----------------
; Legal Notice ;
----------------
Copyright (C) 1991-2013 Altera Corporation
Your use of Altera Corporation's design tools, logic functions 
and other software and tools, and its AMPP partner logic 
functions, and any output files from any of the foregoing 
(including device programming or simulation files), and any 
associated documentation or information are expressly subject 
to the terms and conditions of the Altera Program License 
Subscription Agreement, Altera MegaCore Function License 
Agreement, or other applicable license agreement, including, 
without limitation, that your use is for the sole purpose of 
programming logic devices manufactured by Altera and sold by 
Altera or its authorized distributors.  Please refer to the 
applicable agreement for further details.



+---------------------------------------------------------------------------------+
; Analysis & Elaboration Summary                                                  ;
+------------------------------------+--------------------------------------------+
; Analysis & Elaboration Status      ; Successful - Fri Nov 29 00:16:34 2024      ;
; Quartus II 64-Bit Version          ; 13.1.0 Build 162 10/23/2013 SJ Web Edition ;
; Revision Name                      ; lab8                                       ;
; Top-level Entity Name              ; lab8                                       ;
; Family                             ; Cyclone IV GX                              ;
; Total logic elements               ; N/A until Partition Merge                  ;
;     Total combinational functions  ; N/A until Partition Merge                  ;
;     Dedicated logic registers      ; N/A until Partition Merge                  ;
; Total registers                    ; N/A until Partition Merge                  ;
; Total pins                         ; N/A until Partition Merge                  ;
; Total virtual pins                 ; N/A until Partition Merge                  ;
; Total memory bits                  ; N/A until Partition Merge                  ;
; Embedded Multiplier 9-bit elements ; N/A until Partition Merge                  ;
; Total GXB Receiver Channel PCS     ; N/A until Partition Merge                  ;
; Total GXB Receiver Channel PMA     ; N/A until Partition Merge                  ;
; Total GXB Transmitter Channel PCS  ; N/A until Partition Merge                  ;
; Total GXB Transmitter Channel PMA  ; N/A until Partition Merge                  ;
; Total PLLs                         ; N/A until Partition Merge                  ;
+------------------------------------+--------------------------------------------+


+------------------------------------------+
; Parallel Compilation                     ;
+----------------------------+-------------+
; Processors                 ; Number      ;
+----------------------------+-------------+
; Number detected on machine ; 8           ;
; Maximum allowed            ; 4           ;
;                            ;             ;
; Average used               ; 1.00        ;
; Maximum used               ; 1           ;
;                            ;             ;
; Usage by Processor         ; % Time Used ;
;     Processor 1            ; 100.0%      ;
;     Processors 2-8         ;   0.0%      ;
+----------------------------+-------------+


+----------------------------------------------------------------------------------------------------------------------+
; Analysis & Elaboration Settings                                                                                      ;
+----------------------------------------------------------------------------+--------------------+--------------------+
; Option                                                                     ; Setting            ; Default Value      ;
+----------------------------------------------------------------------------+--------------------+--------------------+
; Top-level entity name                                                      ; lab8               ; lab8               ;
; Family name                                                                ; Cyclone IV GX      ; Cyclone IV GX      ;
; Use smart compilation                                                      ; Off                ; Off                ;
; Enable parallel Assembler and TimeQuest Timing Analyzer during compilation ; On                 ; On                 ;
; Enable compact report table                                                ; Off                ; Off                ;
; Restructure Multiplexers                                                   ; Auto               ; Auto               ;
; Create Debugging Nodes for IP Cores                                        ; Off                ; Off                ;
; Preserve fewer node names                                                  ; On                 ; On                 ;
; Disable OpenCore Plus hardware evaluation                                  ; Off                ; Off                ;
; Verilog Version                                                            ; Verilog_2001       ; Verilog_2001       ;
; VHDL Version                                                               ; VHDL_1993          ; VHDL_1993          ;
; State Machine Processing                                                   ; Auto               ; Auto               ;
; Safe State Machine                                                         ; Off                ; Off                ;
; Extract Verilog State Machines                                             ; On                 ; On                 ;
; Extract VHDL State Machines                                                ; On                 ; On                 ;
; Ignore Verilog initial constructs                                          ; Off                ; Off                ;
; Iteration limit for constant Verilog loops                                 ; 5000               ; 5000               ;
; Iteration limit for non-constant Verilog loops                             ; 250                ; 250                ;
; Add Pass-Through Logic to Inferred RAMs                                    ; On                 ; On                 ;
; Infer RAMs from Raw Logic                                                  ; On                 ; On                 ;
; Parallel Synthesis                                                         ; On                 ; On                 ;
; DSP Block Balancing                                                        ; Auto               ; Auto               ;
; NOT Gate Push-Back                                                         ; On                 ; On                 ;
; Power-Up Don't Care                                                        ; On                 ; On                 ;
; Remove Redundant Logic Cells                                               ; Off                ; Off                ;
; Remove Duplicate Registers                                                 ; On                 ; On                 ;
; Ignore CARRY Buffers                                                       ; Off                ; Off                ;
; Ignore CASCADE Buffers                                                     ; Off                ; Off                ;
; Ignore GLOBAL Buffers                                                      ; Off                ; Off                ;
; Ignore ROW GLOBAL Buffers                                                  ; Off                ; Off                ;
; Ignore LCELL Buffers                                                       ; Off                ; Off                ;
; Ignore SOFT Buffers                                                        ; On                 ; On                 ;
; Limit AHDL Integers to 32 Bits                                             ; Off                ; Off                ;
; Optimization Technique                                                     ; Balanced           ; Balanced           ;
; Carry Chain Length                                                         ; 70                 ; 70                 ;
; Auto Carry Chains                                                          ; On                 ; On                 ;
; Auto Open-Drain Pins                                                       ; On                 ; On                 ;
; Perform WYSIWYG Primitive Resynthesis                                      ; Off                ; Off                ;
; Auto ROM Replacement                                                       ; On                 ; On                 ;
; Auto RAM Replacement                                                       ; On                 ; On                 ;
; Auto DSP Block Replacement                                                 ; On                 ; On                 ;
; Auto Shift Register Replacement                                            ; Auto               ; Auto               ;
; Allow Shift Register Merging across Hierarchies                            ; Auto               ; Auto               ;
; Auto Clock Enable Replacement                                              ; On                 ; On                 ;
; Strict RAM Replacement                                                     ; Off                ; Off                ;
; Allow Synchronous Control Signals                                          ; On                 ; On                 ;
; Force Use of Synchronous Clear Signals                                     ; Off                ; Off                ;
; Auto RAM Block Balancing                                                   ; On                 ; On                 ;
; Auto RAM to Logic Cell Conversion                                          ; Off                ; Off                ;
; Auto Resource Sharing                                                      ; Off                ; Off                ;
; Allow Any RAM Size For Recognition                                         ; Off                ; Off                ;
; Allow Any ROM Size For Recognition                                         ; Off                ; Off                ;
; Allow Any Shift Register Size For Recognition                              ; Off                ; Off                ;
; Use LogicLock Constraints during Resource Balancing                        ; On                 ; On                 ;
; Ignore translate_off and synthesis_off directives                          ; Off                ; Off                ;
; Timing-Driven Synthesis                                                    ; On                 ; On                 ;
; Report Parameter Settings                                                  ; On                 ; On                 ;
; Report Source Assignments                                                  ; On                 ; On                 ;
; Report Connectivity Checks                                                 ; On                 ; On                 ;
; Ignore Maximum Fan-Out Assignments                                         ; Off                ; Off                ;
; Synchronization Register Chain Length                                      ; 2                  ; 2                  ;
; PowerPlay Power Optimization                                               ; Normal compilation ; Normal compilation ;
; HDL message level                                                          ; Level2             ; Level2             ;
; Suppress Register Optimization Related Messages                            ; Off                ; Off                ;
; Number of Removed Registers Reported in Synthesis Report                   ; 5000               ; 5000               ;
; Number of Swept Nodes Reported in Synthesis Report                         ; 5000               ; 5000               ;
; Number of Inverted Registers Reported in Synthesis Report                  ; 100                ; 100                ;
; Clock MUX Protection                                                       ; On                 ; On                 ;
; Auto Gated Clock Conversion                                                ; Off                ; Off                ;
; Block Design Naming                                                        ; Auto               ; Auto               ;
; SDC constraint protection                                                  ; Off                ; Off                ;
; Synthesis Effort                                                           ; Auto               ; Auto               ;
; Shift Register Replacement - Allow Asynchronous Clear Signal               ; On                 ; On                 ;
; Pre-Mapping Resynthesis Optimization                                       ; Off                ; Off                ;
; Analysis & Synthesis Message Level                                         ; Medium             ; Medium             ;
; Disable Register Merging Across Hierarchies                                ; Auto               ; Auto               ;
; Resource Aware Inference For Block RAM                                     ; On                 ; On                 ;
; Synthesis Seed                                                             ; 1                  ; 1                  ;
+----------------------------------------------------------------------------+--------------------+--------------------+


+----------------------------------------------+
; Port Connectivity Checks: "segm:hc0"         ;
+------------+-------+----------+--------------+
; Port       ; Type  ; Severity ; Details      ;
+------------+-------+----------+--------------+
; bdec[3..2] ; Input ; Info     ; Stuck at GND ;
+------------+-------+----------+--------------+


+----------------------------------------------------------------------------------------------------------------+
; Port Connectivity Checks: "BINBCD_10bits:binbcdc|conversorModulo:conversor14"                                  ;
+------+--------+----------+-------------------------------------------------------------------------------------+
; Port ; Type   ; Severity ; Details                                                                             ;
+------+--------+----------+-------------------------------------------------------------------------------------+
; s3   ; Output ; Info     ; Connected to dangling logic. Logic that only feeds a dangling port will be removed. ;
+------+--------+----------+-------------------------------------------------------------------------------------+


+------------------------------------------------------------------------------+
; Port Connectivity Checks: "BINBCD_10bits:binbcdc|conversorModulo:conversor4" ;
+------+-------+----------+----------------------------------------------------+
; Port ; Type  ; Severity ; Details                                            ;
+------+-------+----------+----------------------------------------------------+
; a3   ; Input ; Info     ; Stuck at GND                                       ;
+------+-------+----------+----------------------------------------------------+


+------------------------------------------------------------------------------+
; Port Connectivity Checks: "BINBCD_10bits:binbcdc|conversorModulo:conversor1" ;
+------+-------+----------+----------------------------------------------------+
; Port ; Type  ; Severity ; Details                                            ;
+------+-------+----------+----------------------------------------------------+
; a3   ; Input ; Info     ; Stuck at GND                                       ;
; a2   ; Input ; Info     ; Stuck at GND                                       ;
+------+-------+----------+----------------------------------------------------+


+----------------------------------------------------------------------------------------+
; Port Connectivity Checks: "reg10bom:regsaida|registrador10bits:reg10maligno|ffd:clk10" ;
+------+-------+----------+--------------------------------------------------------------+
; Port ; Type  ; Severity ; Details                                                      ;
+------+-------+----------+--------------------------------------------------------------+
; set  ; Input ; Info     ; Stuck at VCC                                                 ;
+------+-------+----------+--------------------------------------------------------------+


+---------------------------------------------------------------------------------------+
; Port Connectivity Checks: "reg10bom:regsaida|registrador10bits:reg10maligno|ffd:clk9" ;
+------+-------+----------+-------------------------------------------------------------+
; Port ; Type  ; Severity ; Details                                                     ;
+------+-------+----------+-------------------------------------------------------------+
; set  ; Input ; Info     ; Stuck at VCC                                                ;
+------+-------+----------+-------------------------------------------------------------+


+---------------------------------------------------------------------------------------+
; Port Connectivity Checks: "reg10bom:regsaida|registrador10bits:reg10maligno|ffd:clk8" ;
+------+-------+----------+-------------------------------------------------------------+
; Port ; Type  ; Severity ; Details                                                     ;
+------+-------+----------+-------------------------------------------------------------+
; set  ; Input ; Info     ; Stuck at VCC                                                ;
+------+-------+----------+-------------------------------------------------------------+


+---------------------------------------------------------------------------------------+
; Port Connectivity Checks: "reg10bom:regsaida|registrador10bits:reg10maligno|ffd:clk7" ;
+------+-------+----------+-------------------------------------------------------------+
; Port ; Type  ; Severity ; Details                                                     ;
+------+-------+----------+-------------------------------------------------------------+
; set  ; Input ; Info     ; Stuck at VCC                                                ;
+------+-------+----------+-------------------------------------------------------------+


+---------------------------------------------------------------------------------------+
; Port Connectivity Checks: "reg10bom:regsaida|registrador10bits:reg10maligno|ffd:clk6" ;
+------+-------+----------+-------------------------------------------------------------+
; Port ; Type  ; Severity ; Details                                                     ;
+------+-------+----------+-------------------------------------------------------------+
; set  ; Input ; Info     ; Stuck at VCC                                                ;
+------+-------+----------+-------------------------------------------------------------+


+---------------------------------------------------------------------------------------+
; Port Connectivity Checks: "reg10bom:regsaida|registrador10bits:reg10maligno|ffd:clk5" ;
+------+-------+----------+-------------------------------------------------------------+
; Port ; Type  ; Severity ; Details                                                     ;
+------+-------+----------+-------------------------------------------------------------+
; set  ; Input ; Info     ; Stuck at VCC                                                ;
+------+-------+----------+-------------------------------------------------------------+


+---------------------------------------------------------------------------------------+
; Port Connectivity Checks: "reg10bom:regsaida|registrador10bits:reg10maligno|ffd:clk4" ;
+------+-------+----------+-------------------------------------------------------------+
; Port ; Type  ; Severity ; Details                                                     ;
+------+-------+----------+-------------------------------------------------------------+
; set  ; Input ; Info     ; Stuck at VCC                                                ;
+------+-------+----------+-------------------------------------------------------------+


+---------------------------------------------------------------------------------------+
; Port Connectivity Checks: "reg10bom:regsaida|registrador10bits:reg10maligno|ffd:clk3" ;
+------+-------+----------+-------------------------------------------------------------+
; Port ; Type  ; Severity ; Details                                                     ;
+------+-------+----------+-------------------------------------------------------------+
; set  ; Input ; Info     ; Stuck at VCC                                                ;
+------+-------+----------+-------------------------------------------------------------+


+---------------------------------------------------------------------------------------+
; Port Connectivity Checks: "reg10bom:regsaida|registrador10bits:reg10maligno|ffd:clk2" ;
+------+-------+----------+-------------------------------------------------------------+
; Port ; Type  ; Severity ; Details                                                     ;
+------+-------+----------+-------------------------------------------------------------+
; set  ; Input ; Info     ; Stuck at VCC                                                ;
+------+-------+----------+-------------------------------------------------------------+


+---------------------------------------------------------------------------------------+
; Port Connectivity Checks: "reg10bom:regsaida|registrador10bits:reg10maligno|ffd:clk1" ;
+------+-------+----------+-------------------------------------------------------------+
; Port ; Type  ; Severity ; Details                                                     ;
+------+-------+----------+-------------------------------------------------------------+
; set  ; Input ; Info     ; Stuck at VCC                                                ;
+------+-------+----------+-------------------------------------------------------------+


+-----------------------------------------------+
; Port Connectivity Checks: "reg10bom:regsaida" ;
+-------+-------+----------+--------------------+
; Port  ; Type  ; Severity ; Details            ;
+-------+-------+----------+--------------------+
; clear ; Input ; Info     ; Stuck at VCC       ;
+-------+-------+----------+--------------------+


+-----------------------------------------------+
; Port Connectivity Checks: "somador:somad2"    ;
+-------------+-------+----------+--------------+
; Port        ; Type  ; Severity ; Details      ;
+-------------+-------+----------+--------------+
; cin_somador ; Input ; Info     ; Stuck at GND ;
+-------------+-------+----------+--------------+


+-----------------------------------------------+
; Port Connectivity Checks: "somador:somad1"    ;
+-------------+-------+----------+--------------+
; Port        ; Type  ; Severity ; Details      ;
+-------------+-------+----------+--------------+
; cin_somador ; Input ; Info     ; Stuck at GND ;
+-------------+-------+----------+--------------+


+------------------------------------------------------------------------------------------------------------------+
; Port Connectivity Checks: "regRC:registrador3"                                                                   ;
+--------+--------+----------+-------------------------------------------------------------------------------------+
; Port   ; Type   ; Severity ; Details                                                                             ;
+--------+--------+----------+-------------------------------------------------------------------------------------+
; saiday ; Output ; Info     ; Connected to dangling logic. Logic that only feeds a dangling port will be removed. ;
+--------+--------+----------+-------------------------------------------------------------------------------------+


+---------------------------------------------------------------------------------------------------------------------------+
; Port Connectivity Checks: "regRC:registrador1|multiplicador:mult|somador:soma3"                                           ;
+-----------------+--------+----------+-------------------------------------------------------------------------------------+
; Port            ; Type   ; Severity ; Details                                                                             ;
+-----------------+--------+----------+-------------------------------------------------------------------------------------+
; b_somador[2..0] ; Input  ; Info     ; Stuck at GND                                                                        ;
; b_somador[7]    ; Input  ; Info     ; Stuck at GND                                                                        ;
; cin_somador     ; Input  ; Info     ; Stuck at GND                                                                        ;
; cout_somador    ; Output ; Info     ; Connected to dangling logic. Logic that only feeds a dangling port will be removed. ;
+-----------------+--------+----------+-------------------------------------------------------------------------------------+


+---------------------------------------------------------------------------------------------------------------------------+
; Port Connectivity Checks: "regRC:registrador1|multiplicador:mult|somador:soma2"                                           ;
+-----------------+--------+----------+-------------------------------------------------------------------------------------+
; Port            ; Type   ; Severity ; Details                                                                             ;
+-----------------+--------+----------+-------------------------------------------------------------------------------------+
; b_somador[7..6] ; Input  ; Info     ; Stuck at GND                                                                        ;
; b_somador[1..0] ; Input  ; Info     ; Stuck at GND                                                                        ;
; cin_somador     ; Input  ; Info     ; Stuck at GND                                                                        ;
; cout_somador    ; Output ; Info     ; Connected to dangling logic. Logic that only feeds a dangling port will be removed. ;
+-----------------+--------+----------+-------------------------------------------------------------------------------------+


+---------------------------------------------------------------------------------------------------------------------------+
; Port Connectivity Checks: "regRC:registrador1|multiplicador:mult|somador:soma1"                                           ;
+-----------------+--------+----------+-------------------------------------------------------------------------------------+
; Port            ; Type   ; Severity ; Details                                                                             ;
+-----------------+--------+----------+-------------------------------------------------------------------------------------+
; a_somador[7..4] ; Input  ; Info     ; Stuck at GND                                                                        ;
; b_somador[7..5] ; Input  ; Info     ; Stuck at GND                                                                        ;
; b_somador[0]    ; Input  ; Info     ; Stuck at GND                                                                        ;
; cin_somador     ; Input  ; Info     ; Stuck at GND                                                                        ;
; cout_somador    ; Output ; Info     ; Connected to dangling logic. Logic that only feeds a dangling port will be removed. ;
+-----------------+--------+----------+-------------------------------------------------------------------------------------+


+----------------------------------------------------------------------------------------------------------------+
; Port Connectivity Checks: "regRC:registrador1|multiplicador:mult"                                              ;
+------+--------+----------+-------------------------------------------------------------------------------------+
; Port ; Type   ; Severity ; Details                                                                             ;
+------+--------+----------+-------------------------------------------------------------------------------------+
; cout ; Output ; Info     ; Connected to dangling logic. Logic that only feeds a dangling port will be removed. ;
+------+--------+----------+-------------------------------------------------------------------------------------+


+---------------------------------------------------------------+
; Port Connectivity Checks: "regRC:registrador1|regbasico:regC" ;
+-------+-------+----------+------------------------------------+
; Port  ; Type  ; Severity ; Details                            ;
+-------+-------+----------+------------------------------------+
; clear ; Input ; Info     ; Stuck at VCC                       ;
+-------+-------+----------+------------------------------------+


+-------------------------------------------------------------------------+
; Port Connectivity Checks: "regRC:registrador1|regbasico:regY|ffd:cclk4" ;
+------+-------+----------+-----------------------------------------------+
; Port ; Type  ; Severity ; Details                                       ;
+------+-------+----------+-----------------------------------------------+
; set  ; Input ; Info     ; Stuck at VCC                                  ;
+------+-------+----------+-----------------------------------------------+


+-------------------------------------------------------------------------+
; Port Connectivity Checks: "regRC:registrador1|regbasico:regY|ffd:cclk3" ;
+------+-------+----------+-----------------------------------------------+
; Port ; Type  ; Severity ; Details                                       ;
+------+-------+----------+-----------------------------------------------+
; set  ; Input ; Info     ; Stuck at VCC                                  ;
+------+-------+----------+-----------------------------------------------+


+-------------------------------------------------------------------------+
; Port Connectivity Checks: "regRC:registrador1|regbasico:regY|ffd:cclk2" ;
+------+-------+----------+-----------------------------------------------+
; Port ; Type  ; Severity ; Details                                       ;
+------+-------+----------+-----------------------------------------------+
; set  ; Input ; Info     ; Stuck at VCC                                  ;
+------+-------+----------+-----------------------------------------------+


+-------------------------------------------------------------------------+
; Port Connectivity Checks: "regRC:registrador1|regbasico:regY|ffd:cclk1" ;
+------+-------+----------+-----------------------------------------------+
; Port ; Type  ; Severity ; Details                                       ;
+------+-------+----------+-----------------------------------------------+
; set  ; Input ; Info     ; Stuck at VCC                                  ;
+------+-------+----------+-----------------------------------------------+


+---------------------------------+
; Analysis & Elaboration Messages ;
+---------------------------------+
Info: *******************************************************************
Info: Running Quartus II 64-Bit Analysis & Elaboration
    Info: Version 13.1.0 Build 162 10/23/2013 SJ Web Edition
    Info: Processing started: Fri Nov 29 00:16:32 2024
Info: Command: quartus_map --read_settings_files=on --write_settings_files=off lab8 -c lab8 --analysis_and_elaboration
Info (11104): Parallel Compilation has detected 8 hyper-threaded processors. However, the extra hyper-threaded processors will not be used by default. Parallel Compilation will use 4 of the 4 physical processors detected instead.
Info (12021): Found 2 design units, including 1 entities, in source file multiplicador.vhd
    Info (12022): Found design unit 1: multiplicador-melindre
    Info (12023): Found entity 1: multiplicador
Info (12021): Found 2 design units, including 1 entities, in source file somador.vhd
    Info (12022): Found design unit 1: somador-rapunzel
    Info (12023): Found entity 1: somador
Info (12021): Found 2 design units, including 1 entities, in source file ffd.vhd
    Info (12022): Found design unit 1: ffd-logica
    Info (12023): Found entity 1: ffd
Info (12021): Found 2 design units, including 1 entities, in source file lab8.vhd
    Info (12022): Found design unit 1: lab8-milagre
    Info (12023): Found entity 1: lab8
Info (12021): Found 2 design units, including 1 entities, in source file regbasico.vhdl
    Info (12022): Found design unit 1: regbasico-logica
    Info (12023): Found entity 1: regbasico
Info (12021): Found 2 design units, including 1 entities, in source file regrc.vhd
    Info (12022): Found design unit 1: regRC-lacraia
    Info (12023): Found entity 1: regRC
Info (12021): Found 2 design units, including 1 entities, in source file mux4.vhd
    Info (12022): Found design unit 1: mux4-polonia
    Info (12023): Found entity 1: mux4
Info (12021): Found 2 design units, including 1 entities, in source file segm.vhd
    Info (12022): Found design unit 1: segm-conversor
    Info (12023): Found entity 1: segm
Info (12021): Found 2 design units, including 1 entities, in source file registrador10bits.vhd
    Info (12022): Found design unit 1: registrador10bits-pamonha
    Info (12023): Found entity 1: registrador10bits
Info (12021): Found 2 design units, including 1 entities, in source file reg10bom.vhd
    Info (12022): Found design unit 1: reg10bom-solenidade
    Info (12023): Found entity 1: reg10bom
Info (12021): Found 2 design units, including 1 entities, in source file divclock.vhd
    Info (12022): Found design unit 1: divisorclock-logica
    Info (12023): Found entity 1: divisorclock
Info (12021): Found 2 design units, including 1 entities, in source file binbcd10bits.vhd
    Info (12022): Found design unit 1: BINBCD_10bits-Hardware
    Info (12023): Found entity 1: BINBCD_10bits
Info (12021): Found 2 design units, including 1 entities, in source file conversormodulo.vhd
    Info (12022): Found design unit 1: conversorModulo-Hardware
    Info (12023): Found entity 1: conversorModulo
Info (12127): Elaborating entity "lab8" for the top level hierarchy
Warning (10541): VHDL Signal Declaration warning at lab8.vhd(50): used implicit default value for signal "saidarsaux" because signal was never assigned a value or an explicit default value. Use of implicit default value may introduce unintended design optimizations.
Info (12128): Elaborating entity "regRC" for hierarchy "regRC:registrador1"
Info (12128): Elaborating entity "mux4" for hierarchy "regRC:registrador1|mux4:mux4y"
Info (12128): Elaborating entity "regbasico" for hierarchy "regRC:registrador1|regbasico:regY"
Info (12128): Elaborating entity "ffd" for hierarchy "regRC:registrador1|regbasico:regY|ffd:cclk1"
Info (12128): Elaborating entity "multiplicador" for hierarchy "regRC:registrador1|multiplicador:mult"
Warning (10541): VHDL Signal Declaration warning at multiplicador.vhd(8): used implicit default value for signal "cout" because signal was never assigned a value or an explicit default value. Use of implicit default value may introduce unintended design optimizations.
Info (12128): Elaborating entity "somador" for hierarchy "regRC:registrador1|multiplicador:mult|somador:soma1"
Info (12128): Elaborating entity "reg10bom" for hierarchy "reg10bom:regsaida"
Info (12128): Elaborating entity "registrador10bits" for hierarchy "reg10bom:regsaida|registrador10bits:reg10maligno"
Info (12128): Elaborating entity "BINBCD_10bits" for hierarchy "BINBCD_10bits:binbcdc"
Warning (10036): Verilog HDL or VHDL warning at binbcd10bits.vhd(21): object "nada" assigned a value but never read
Info (12128): Elaborating entity "conversorModulo" for hierarchy "BINBCD_10bits:binbcdc|conversorModulo:conversor1"
Info (12128): Elaborating entity "segm" for hierarchy "segm:hc0"
Info: Quartus II 64-Bit Analysis & Elaboration was successful. 0 errors, 3 warnings
    Info: Peak virtual memory: 4703 megabytes
    Info: Processing ended: Fri Nov 29 00:16:34 2024
    Info: Elapsed time: 00:00:02
    Info: Total CPU time (on all processors): 00:00:01


